<?xml version="1.0" encoding="UTF-8"?>
<!-- Generated by org.testng.reporters.JUnitReportReporter -->
<testsuite hostname="DESKTOP-ABK0TG1" failures="0" tests="1" name="Maven_Project.Automation_Project.RegisterHappyScenario" time="١٢.٦٤٧" errors="0" timestamp="٢٠٢٥-٠٥-١١T١٩:٥٢:٠٨ EEST" skipped="0">
  <testcase classname="Maven_Project.Automation_Project.RegisterHappyScenario" name="Register_NewEmail_MandatoryAndOptional" time="١٢.٦٤٧"/>
</testsuite> <!-- Maven_Project.Automation_Project.RegisterHappyScenario -->
