<?xml version="1.0" encoding="UTF-8"?>
<!-- Generated by org.testng.reporters.JUnitReportReporter -->
<testsuite hostname="DESKTOP-ABK0TG1" failures="0" tests="2" name="Maven_Project.Automation_Project.LoginNegativeScenario" time="٤.٠٨٥" errors="0" timestamp="٢٠٢٥-٠٥-١١T١٨:٥٤:١٣ EEST" skipped="0">
  <testcase classname="Maven_Project.Automation_Project.LoginNegativeScenario" name="testLogin_InCorrectEmail" time="١.٩٧٨"/>
  <testcase classname="Maven_Project.Automation_Project.LoginNegativeScenario" name="testLogin_CorrectEmailAndInCorrectPassword" time="٢.١٠٧"/>
</testsuite> <!-- Maven_Project.Automation_Project.LoginNegativeScenario -->
