<?xml version="1.0" encoding="UTF-8"?>
<!-- Generated by org.testng.reporters.JUnitReportReporter -->
<testsuite hostname="DESKTOP-ABK0TG1" failures="0" tests="1" name="Maven_Project.Automation_Project.NewTest" time="٢٠.٢٧٨" errors="0" timestamp="٢٠٢٥-٠٥-٠٩T٢٣:٣٤:٥٩ EEST" skipped="0">
  <testcase classname="Maven_Project.Automation_Project.NewTest" name="f" time="٢٠.٢٧٨"/>
</testsuite> <!-- Maven_Project.Automation_Project.NewTest -->
